<?xml version="1.0" encoding="UTF-8"?>
<!-- Generated by org.testng.reporters.JUnitReportReporter -->
<testsuite hostname="abc-PC" name="Singleton.Class_1" tests="2" failures="0" timestamp="16 Jul 2019 14:43:44 GMT" time="8.042" errors="0">
  <testcase name="Test2" time="7.999" classname="Singleton.Class_1"/>
  <testcase name="Test1" time="0.043" classname="Singleton.Class_1"/>
</testsuite> <!-- Singleton.Class_1 -->
