<?xml version="1.0" encoding="UTF-8"?>
<!-- Generated by org.testng.reporters.JUnitReportReporter -->
<testsuite hostname="abc-PC" name="TestNG.java.Headless" tests="1" failures="0" timestamp="15 Jul 2019 15:17:32 GMT" time="25.402" errors="0">
  <testcase name="headlless" time="25.402" classname="TestNG.java.Headless"/>
</testsuite> <!-- TestNG.java.Headless -->
